<?xml version="1.0" encoding="UTF-8"?>
<!-- Generated by org.testng.reporters.JUnitXMLReporter -->
<testsuite ignored="0" hostname="Jishnu" failures="0" tests="4" name="Test" time="0.075" errors="0" timestamp="2022-05-10T23:48:11 IST">
  <testcase classname="Test.day1" name="Demo" time="0.012"/>
  <testcase classname="Test.day4" name="LoginAPIHomeLoan" time="0.003"/>
  <testcase classname="Test.day4" name="MobileLoginHomeLoan" time="0.003"/>
  <testcase classname="Test.day4" name="WebloginHomeLoan" time="0.001"/>
</testsuite> <!-- Test -->
