<?xml version="1.0" encoding="UTF-8"?>
<!-- Generated by org.testng.reporters.JUnitXMLReporter -->
<testsuite ignored="1" hostname="Jishnu" failures="0" tests="2" name="Personal loan" time="0.066" errors="0" timestamp="2022-05-15T13:16:02 IST">
  <testcase classname="Test.day2" name="ploan" time="0.009"/>
  <testcase classname="Test.day1" name="SecondTest" time="0.001"/>
  <testcase classname="Test.day1" name="Demo" time="0.0">
    <ignored/>
  </testcase> <!-- Demo -->
</testsuite> <!-- Personal loan -->
