<?xml version="1.0" encoding="UTF-8"?>
<testng-results ignored="2" total="6" passed="3" failed="1" skipped="0">
  <reporter-output>
  </reporter-output>
  <suite started-at="2022-05-15T13:16:02 IST" name="loan department" finished-at="2022-05-15T13:16:02 IST" duration-ms="176">
    <groups>
    </groups>
    <test started-at="2022-05-15T13:16:02 IST" name="Personal loan" finished-at="2022-05-15T13:16:02 IST" duration-ms="66">
      <class name="Test.day1">
        <test-method signature="SecondTest()[pri:0, instance:Test.day1@1184ab05]" started-at="2022-05-15T13:16:02 IST" name="SecondTest" finished-at="2022-05-15T13:16:02 IST" duration-ms="1" status="PASS">
          <reporter-output>
          </reporter-output>
        </test-method> <!-- SecondTest -->
      </class> <!-- Test.day1 -->
      <class name="Test.day2">
        <test-method signature="ploan()[pri:0, instance:Test.day2@363ee3a2]" started-at="2022-05-15T13:16:02 IST" name="ploan" finished-at="2022-05-15T13:16:02 IST" duration-ms="9" status="PASS">
          <reporter-output>
          </reporter-output>
        </test-method> <!-- ploan -->
      </class> <!-- Test.day2 -->
    </test> <!-- Personal loan -->
    <test started-at="2022-05-15T13:16:02 IST" name="Car loan" finished-at="2022-05-15T13:16:02 IST" duration-ms="26">
      <class name="Test.day3">
        <test-method signature="LoginAPICarLoan()[pri:0, instance:Test.day3@30ee2816]" started-at="2022-05-15T13:16:02 IST" name="LoginAPICarLoan" finished-at="2022-05-15T13:16:02 IST" duration-ms="6" status="PASS">
          <reporter-output>
          </reporter-output>
        </test-method> <!-- LoginAPICarLoan -->
        <test-method signature="WebloginCarLoan(java.lang.String)[pri:0, instance:Test.day3@30ee2816]" started-at="2022-05-15T13:16:02 IST" name="WebloginCarLoan" finished-at="2022-05-15T13:16:02 IST" duration-ms="0" status="FAIL">
          <exception class="org.testng.TestNGException">
            <message>
              <![CDATA[
Parameter 'URL' is required by @Test on method WebloginCarLoan but has not been marked @Optional or defined
in C:\WorkSpace\TestNGtutorial\testng2.xml]]>
            </message>
            <full-stacktrace>
              <![CDATA[org.testng.TestNGException: 
Parameter 'URL' is required by @Test on method WebloginCarLoan but has not been marked @Optional or defined
in C:\WorkSpace\TestNGtutorial\testng2.xml
at org.testng.internal.Parameters.createParams(Parameters.java:270)
at org.testng.internal.Parameters.createParametersForMethod(Parameters.java:358)
at org.testng.internal.Parameters.createParameters(Parameters.java:700)
at org.testng.internal.Parameters.handleParameters(Parameters.java:884)
at org.testng.internal.Parameters.handleParameters(Parameters.java:740)
at org.testng.internal.ParameterHandler.handleParameters(ParameterHandler.java:59)
at org.testng.internal.ParameterHandler.createParameters(ParameterHandler.java:38)
at org.testng.internal.TestInvoker$MethodInvocationAgent.invoke(TestInvoker.java:791)
at org.testng.internal.TestInvoker.invokeTestMethods(TestInvoker.java:146)
at org.testng.internal.TestMethodWorker.invokeTestMethods(TestMethodWorker.java:146)
at org.testng.internal.TestMethodWorker.run(TestMethodWorker.java:128)
at java.base/java.util.ArrayList.forEach(ArrayList.java:1510)
at org.testng.TestRunner.privateRun(TestRunner.java:794)
at org.testng.TestRunner.run(TestRunner.java:596)
at org.testng.SuiteRunner.runTest(SuiteRunner.java:377)
at org.testng.SuiteRunner.runSequentially(SuiteRunner.java:371)
at org.testng.SuiteRunner.privateRun(SuiteRunner.java:332)
at org.testng.SuiteRunner.run(SuiteRunner.java:276)
at org.testng.SuiteRunnerWorker.runSuite(SuiteRunnerWorker.java:53)
at org.testng.SuiteRunnerWorker.run(SuiteRunnerWorker.java:96)
at org.testng.TestNG.runSuitesSequentially(TestNG.java:1212)
at org.testng.TestNG.runSuitesLocally(TestNG.java:1134)
at org.testng.TestNG.runSuites(TestNG.java:1063)
at org.testng.TestNG.run(TestNG.java:1031)
at org.testng.remote.AbstractRemoteTestNG.run(AbstractRemoteTestNG.java:115)
at org.testng.remote.RemoteTestNG.initAndRun(RemoteTestNG.java:251)
at org.testng.remote.RemoteTestNG.main(RemoteTestNG.java:77)
]]>
            </full-stacktrace>
          </exception> <!-- org.testng.TestNGException -->
          <reporter-output>
          </reporter-output>
        </test-method> <!-- WebloginCarLoan -->
      </class> <!-- Test.day3 -->
      <class name="Test.day2">
        <test-method is-config="true" signature="Bsuit()[pri:0, instance:Test.day2@363ee3a2]" started-at="2022-05-15T13:16:02 IST" name="Bsuit" finished-at="2022-05-15T13:16:02 IST" duration-ms="11" status="PASS">
          <reporter-output>
          </reporter-output>
        </test-method> <!-- Bsuit -->
        <test-method is-config="true" signature="Asuit()[pri:0, instance:Test.day2@363ee3a2]" started-at="2022-05-15T13:16:02 IST" name="Asuit" finished-at="2022-05-15T13:16:02 IST" duration-ms="1" status="PASS">
          <reporter-output>
          </reporter-output>
        </test-method> <!-- Asuit -->
      </class> <!-- Test.day2 -->
    </test> <!-- Car loan -->
  </suite> <!-- loan department -->
</testng-results>
