<?xml version="1.0" encoding="UTF-8"?>
<testng-results ignored="0" total="1" passed="1" failed="0" skipped="0">
  <reporter-output>
  </reporter-output>
  <suite started-at="2022-08-25T16:48:41 IST" name="Default suite" finished-at="2022-08-25T16:48:41 IST" duration-ms="46">
    <groups>
    </groups>
    <test started-at="2022-08-25T16:48:41 IST" name="Default test" finished-at="2022-08-25T16:48:41 IST" duration-ms="46">
      <class name="Test.day2">
        <test-method is-config="true" signature="Bsuit()[pri:0, instance:Test.day2@5c909414]" started-at="2022-08-25T16:48:41 IST" name="Bsuit" finished-at="2022-08-25T16:48:41 IST" duration-ms="13" status="PASS">
          <reporter-output>
          </reporter-output>
        </test-method> <!-- Bsuit -->
        <test-method signature="ploan()[pri:0, instance:Test.day2@5c909414]" started-at="2022-08-25T16:48:41 IST" name="ploan" finished-at="2022-08-25T16:48:41 IST" duration-ms="6" status="PASS">
          <reporter-output>
          </reporter-output>
        </test-method> <!-- ploan -->
        <test-method is-config="true" signature="Asuit()[pri:0, instance:Test.day2@5c909414]" started-at="2022-08-25T16:48:41 IST" name="Asuit" finished-at="2022-08-25T16:48:41 IST" duration-ms="1" status="PASS">
          <reporter-output>
          </reporter-output>
        </test-method> <!-- Asuit -->
      </class> <!-- Test.day2 -->
    </test> <!-- Default test -->
  </suite> <!-- Default suite -->
</testng-results>
